<?xml version="1.0" encoding="UTF-8"?>
<!-- Generated by org.testng.reporters.JUnitXMLReporter -->
<testsuite hostname="DESKTOP-2STE37I" ignored="0" tests="20" failures="2" timestamp="09 Jan 2019 11:31:46 GMT" time="154.711" errors="0">
  <testcase name="tapOnWeatherIcon" time="7.435" classname="HomeScreen">
    <failure type="org.openqa.selenium.NoSuchElementException" message="An element could not be located on the page using the given search parameters. (WARNING: The server did not provide any stacktrace information)
Command duration or timeout: 0 milliseconds
For documentation on this error, please visit: http://seleniumhq.org/exceptions/no_such_element.html
Build info: version: &amp;apos;3.6.0&amp;apos;, revision: &amp;apos;6fbf3ec767&amp;apos;, time: &amp;apos;2017-09-27T16:15:40.131Z&amp;apos;
System info: host: &amp;apos;DESKTOP-2STE37I&amp;apos;, ip: &amp;apos;192.168.1.32&amp;apos;, os.name: &amp;apos;Windows 10&amp;apos;, os.arch: &amp;apos;amd64&amp;apos;, os.version: &amp;apos;10.0&amp;apos;, java.version: &amp;apos;1.8.0_181&amp;apos;
Driver info: io.appium.java_client.android.AndroidDriver
Capabilities [{appPackage=com.supremegolf.app, deviceScreenSize=720x1280, networkConnectionEnabled=true, warnings={}, databaseEnabled=false, deviceName=ZX1D63VG9R, version=5.0, platform=LINUX, deviceUDID=ZX1D63VG9R, appActivity=ui.activity.SplashActivity, desired={appPackage=com.supremegolf.app, appActivity=ui.activity.SplashActivity, platformName=Android, deviceName=Device, version=5.0}, platformVersion=6.0, webStorageEnabled=false, locationContextEnabled=false, takesScreenshot=true, javascriptEnabled=true, deviceModel=XT1068, deviceManufacturer=motorola, platformName=LINUX}]
Session ID: 6f99be07-e0a0-4c33-abf1-ad104494c887
*** Element info: {Using=xpath, value=//android.widget.ImageView[@resource-id=&amp;apos;com.supremegolf.app:id/ivWeather&amp;apos;]}">
      <![CDATA[org.openqa.selenium.NoSuchElementException: An element could not be located on the page using the given search parameters. (WARNING: The server did not provide any stacktrace information)
Command duration or timeout: 0 milliseconds
For documentation on this error, please visit: http://seleniumhq.org/exceptions/no_such_element.html
Build info: version: '3.6.0', revision: '6fbf3ec767', time: '2017-09-27T16:15:40.131Z'
System info: host: 'DESKTOP-2STE37I', ip: '192.168.1.32', os.name: 'Windows 10', os.arch: 'amd64', os.version: '10.0', java.version: '1.8.0_181'
Driver info: io.appium.java_client.android.AndroidDriver
Capabilities [{appPackage=com.supremegolf.app, deviceScreenSize=720x1280, networkConnectionEnabled=true, warnings={}, databaseEnabled=false, deviceName=ZX1D63VG9R, version=5.0, platform=LINUX, deviceUDID=ZX1D63VG9R, appActivity=ui.activity.SplashActivity, desired={appPackage=com.supremegolf.app, appActivity=ui.activity.SplashActivity, platformName=Android, deviceName=Device, version=5.0}, platformVersion=6.0, webStorageEnabled=false, locationContextEnabled=false, takesScreenshot=true, javascriptEnabled=true, deviceModel=XT1068, deviceManufacturer=motorola, platformName=LINUX}]
Session ID: 6f99be07-e0a0-4c33-abf1-ad104494c887
*** Element info: {Using=xpath, value=//android.widget.ImageView[@resource-id='com.supremegolf.app:id/ivWeather']}
at org.openqa.selenium.remote.ErrorHandler.createThrowable(ErrorHandler.java:214)
at org.openqa.selenium.remote.ErrorHandler.throwIfResponseFailed(ErrorHandler.java:166)
at org.openqa.selenium.remote.http.JsonHttpResponseCodec.reconstructValue(JsonHttpResponseCodec.java:40)
at org.openqa.selenium.remote.http.AbstractHttpResponseCodec.decode(AbstractHttpResponseCodec.java:82)
at org.openqa.selenium.remote.http.AbstractHttpResponseCodec.decode(AbstractHttpResponseCodec.java:45)
at org.openqa.selenium.remote.HttpCommandExecutor.execute(HttpCommandExecutor.java:164)
at io.appium.java_client.remote.AppiumCommandExecutor.execute(AppiumCommandExecutor.java:89)
at org.openqa.selenium.remote.RemoteWebDriver.execute(RemoteWebDriver.java:586)
at io.appium.java_client.DefaultGenericMobileDriver.execute(DefaultGenericMobileDriver.java:42)
at io.appium.java_client.AppiumDriver.execute(AppiumDriver.java:1)
at io.appium.java_client.android.AndroidDriver.execute(AndroidDriver.java:1)
at org.openqa.selenium.remote.RemoteWebDriver.findElement(RemoteWebDriver.java:356)
at io.appium.java_client.DefaultGenericMobileDriver.findElement(DefaultGenericMobileDriver.java:62)
at io.appium.java_client.AppiumDriver.findElement(AppiumDriver.java:1)
at io.appium.java_client.android.AndroidDriver.findElement(AndroidDriver.java:1)
at org.openqa.selenium.remote.RemoteWebDriver.findElementByXPath(RemoteWebDriver.java:458)
at io.appium.java_client.DefaultGenericMobileDriver.findElementByXPath(DefaultGenericMobileDriver.java:140)
at io.appium.java_client.AppiumDriver.findElementByXPath(AppiumDriver.java:1)
at io.appium.java_client.android.AndroidDriver.findElementByXPath(AndroidDriver.java:1)
at org.openqa.selenium.By$ByXPath.findElement(By.java:361)
at org.openqa.selenium.remote.RemoteWebDriver.findElement(RemoteWebDriver.java:348)
at io.appium.java_client.DefaultGenericMobileDriver.findElement(DefaultGenericMobileDriver.java:58)
at io.appium.java_client.AppiumDriver.findElement(AppiumDriver.java:1)
at io.appium.java_client.android.AndroidDriver.findElement(AndroidDriver.java:1)
at HomeScreen.tapOnWeatherIcon(HomeScreen.java:39)
... Removed 29 stack frames]]>
    </failure>
  </testcase> <!-- tapOnWeatherIcon -->
  <testcase name="tapOnWeatherCloseIcon" time="0.314" classname="HomeScreen">
    <failure type="org.openqa.selenium.NoSuchElementException" message="An element could not be located on the page using the given search parameters. (WARNING: The server did not provide any stacktrace information)
Command duration or timeout: 0 milliseconds
For documentation on this error, please visit: http://seleniumhq.org/exceptions/no_such_element.html
Build info: version: &amp;apos;3.6.0&amp;apos;, revision: &amp;apos;6fbf3ec767&amp;apos;, time: &amp;apos;2017-09-27T16:15:40.131Z&amp;apos;
System info: host: &amp;apos;DESKTOP-2STE37I&amp;apos;, ip: &amp;apos;192.168.1.32&amp;apos;, os.name: &amp;apos;Windows 10&amp;apos;, os.arch: &amp;apos;amd64&amp;apos;, os.version: &amp;apos;10.0&amp;apos;, java.version: &amp;apos;1.8.0_181&amp;apos;
Driver info: io.appium.java_client.android.AndroidDriver
Capabilities [{appPackage=com.supremegolf.app, deviceScreenSize=720x1280, networkConnectionEnabled=true, warnings={}, databaseEnabled=false, deviceName=ZX1D63VG9R, version=5.0, platform=LINUX, deviceUDID=ZX1D63VG9R, appActivity=ui.activity.SplashActivity, desired={appPackage=com.supremegolf.app, appActivity=ui.activity.SplashActivity, platformName=Android, deviceName=Device, version=5.0}, platformVersion=6.0, webStorageEnabled=false, locationContextEnabled=false, takesScreenshot=true, javascriptEnabled=true, deviceModel=XT1068, deviceManufacturer=motorola, platformName=LINUX}]
Session ID: 6f99be07-e0a0-4c33-abf1-ad104494c887
*** Element info: {Using=xpath, value=//android.widget.TextView[@resource-id=&amp;apos;com.supremegolf.app:id/onBackPressed&amp;apos;]}">
      <![CDATA[org.openqa.selenium.NoSuchElementException: An element could not be located on the page using the given search parameters. (WARNING: The server did not provide any stacktrace information)
Command duration or timeout: 0 milliseconds
For documentation on this error, please visit: http://seleniumhq.org/exceptions/no_such_element.html
Build info: version: '3.6.0', revision: '6fbf3ec767', time: '2017-09-27T16:15:40.131Z'
System info: host: 'DESKTOP-2STE37I', ip: '192.168.1.32', os.name: 'Windows 10', os.arch: 'amd64', os.version: '10.0', java.version: '1.8.0_181'
Driver info: io.appium.java_client.android.AndroidDriver
Capabilities [{appPackage=com.supremegolf.app, deviceScreenSize=720x1280, networkConnectionEnabled=true, warnings={}, databaseEnabled=false, deviceName=ZX1D63VG9R, version=5.0, platform=LINUX, deviceUDID=ZX1D63VG9R, appActivity=ui.activity.SplashActivity, desired={appPackage=com.supremegolf.app, appActivity=ui.activity.SplashActivity, platformName=Android, deviceName=Device, version=5.0}, platformVersion=6.0, webStorageEnabled=false, locationContextEnabled=false, takesScreenshot=true, javascriptEnabled=true, deviceModel=XT1068, deviceManufacturer=motorola, platformName=LINUX}]
Session ID: 6f99be07-e0a0-4c33-abf1-ad104494c887
*** Element info: {Using=xpath, value=//android.widget.TextView[@resource-id='com.supremegolf.app:id/onBackPressed']}
at org.openqa.selenium.remote.ErrorHandler.createThrowable(ErrorHandler.java:214)
at org.openqa.selenium.remote.ErrorHandler.throwIfResponseFailed(ErrorHandler.java:166)
at org.openqa.selenium.remote.http.JsonHttpResponseCodec.reconstructValue(JsonHttpResponseCodec.java:40)
at org.openqa.selenium.remote.http.AbstractHttpResponseCodec.decode(AbstractHttpResponseCodec.java:82)
at org.openqa.selenium.remote.http.AbstractHttpResponseCodec.decode(AbstractHttpResponseCodec.java:45)
at org.openqa.selenium.remote.HttpCommandExecutor.execute(HttpCommandExecutor.java:164)
at io.appium.java_client.remote.AppiumCommandExecutor.execute(AppiumCommandExecutor.java:89)
at org.openqa.selenium.remote.RemoteWebDriver.execute(RemoteWebDriver.java:586)
at io.appium.java_client.DefaultGenericMobileDriver.execute(DefaultGenericMobileDriver.java:42)
at io.appium.java_client.AppiumDriver.execute(AppiumDriver.java:1)
at io.appium.java_client.android.AndroidDriver.execute(AndroidDriver.java:1)
at org.openqa.selenium.remote.RemoteWebDriver.findElement(RemoteWebDriver.java:356)
at io.appium.java_client.DefaultGenericMobileDriver.findElement(DefaultGenericMobileDriver.java:62)
at io.appium.java_client.AppiumDriver.findElement(AppiumDriver.java:1)
at io.appium.java_client.android.AndroidDriver.findElement(AndroidDriver.java:1)
at org.openqa.selenium.remote.RemoteWebDriver.findElementByXPath(RemoteWebDriver.java:458)
at io.appium.java_client.DefaultGenericMobileDriver.findElementByXPath(DefaultGenericMobileDriver.java:140)
at io.appium.java_client.AppiumDriver.findElementByXPath(AppiumDriver.java:1)
at io.appium.java_client.android.AndroidDriver.findElementByXPath(AndroidDriver.java:1)
at org.openqa.selenium.By$ByXPath.findElement(By.java:361)
at org.openqa.selenium.remote.RemoteWebDriver.findElement(RemoteWebDriver.java:348)
at io.appium.java_client.DefaultGenericMobileDriver.findElement(DefaultGenericMobileDriver.java:58)
at io.appium.java_client.AppiumDriver.findElement(AppiumDriver.java:1)
at io.appium.java_client.android.AndroidDriver.findElement(AndroidDriver.java:1)
at HomeScreen.tapOnWeatherCloseIcon(HomeScreen.java:49)
... Removed 29 stack frames]]>
    </failure>
  </testcase> <!-- tapOnWeatherCloseIcon -->
  <testcase name="tapOnBookTeeTimeSection" time="1.418" classname="HomeScreen"/>
  <testcase name="checkViewBookTeeTimeSection" time="2.309" classname="HomeScreen"/>
  <testcase name="verifySearchEditTextFunctionality" time="9.153" classname="HomeScreen"/>
  <testcase name="verifyClearTextFunctionality" time="3.287" classname="HomeScreen"/>
  <testcase name="verifyBackArrowFunctionality" time="2.501" classname="HomeScreen"/>
  <testcase name="verifyCalenderOpenFunctionality" time="3.825" classname="HomeScreen"/>
  <testcase name="selectTodayDateFunctionality" time="3.459" classname="HomeScreen"/>
  <testcase name="selectNextDateFunctionality" time="10.414" classname="HomeScreen"/>
  <testcase name="checkNewDateIsApplied" time="5.27" classname="HomeScreen"/>
  <testcase name="selectPlayerOption" time="6.702" classname="HomeScreen"/>
  <testcase name="verifySearchButtonFunctionality" time="15.811" classname="HomeScreen"/>
  <testcase name="verifySearchCityScreen" time="4.773" classname="CityResultScreen"/>
  <testcase name="verifyFavIconFunctionality" time="1.315" classname="CityResultScreen"/>
  <testcase name="lOGIN" time="17.63" classname="CityResultScreen"/>
  <testcase name="verifyNotificationIconFunctionality" time="10.048" classname="CityResultScreen"/>
  <testcase name="checkMapTabFunctionality" time="5.944" classname="CityResultScreen"/>
  <testcase name="checkMapViewUI" time="2.316" classname="CityResultScreen"/>
  <testcase name="swipeViewPager" time="1.237" classname="CityResultScreen"/>
</testsuite>
